<?xml version="1.0" encoding="UTF-8"?>
<!-- Generated by org.testng.reporters.JUnitReportReporter -->
<testsuite hostname="sathiaHP" failures="0" tests="1" name="com.example.tests.RateTest" time="6.455" errors="0" timestamp="2025-03-24T02:10:08 NZDT" skipped="0">
  <testcase classname="com.example.tests.RateTest" name="quotation" time="6.455"/>
  <system-out/>
</testsuite> <!-- com.example.tests.RateTest -->
