<?xml version="1.0" encoding="UTF-8"?>
<!-- Generated by org.testng.reporters.JUnitReportReporter -->
<testsuite hostname="sathiaHP" failures="0" tests="1" name="com.example.tests.LoginTest" time="6.409" errors="0" timestamp="2025-02-01T01:04:25 NZDT" skipped="0">
  <testcase classname="com.example.tests.LoginTest" name="testLogin" time="6.409"/>
</testsuite> <!-- com.example.tests.LoginTest -->
